# JRE version: OpenJDK Runtime Environment Temurin-17.0.1+12 (17.0.1+12) (build 17.0.1+12)
# Java VM: OpenJDK 64-Bit Server VM Temurin-17.0.1+12 (17.0.1+12, mixed mode, tiered, compressed oops, compressed class ptrs, parallel gc, windows-amd64)
GC Precious Log:
 CPUs: 2 total, 2 available
 Memory: 3917M
 Large Page Support: Disabled
 NUMA Support: Disabled
 Compressed Oops: Enabled (32-bit)
 Alignments: Space 512K, Generation 512K, Heap 2M
 Heap Min Capacity: 100M
 Heap Initial Capacity: 100M
 Heap Max Capacity: 1G
 Pre-touch: Disabled
 Parallel Workers: 2
Heap:
 PSYoungGen      total 56320K, used 27628K [0x00000000eab00000, 0x00000000f1800000, 0x0000000100000000)
  eden space 28672K, 0% used [0x00000000eab00000,0x00000000eab00000,0x00000000ec700000)
  from space 27648K, 99% used [0x00000000ec700000,0x00000000ee1fb160,0x00000000ee200000)
  to   space 40448K, 0% used [0x00000000ef080000,0x00000000ef080000,0x00000000f1800000)
 ParOldGen       total 297984K, used 286928K [0x00000000c0000000, 0x00000000d2300000, 0x00000000eab00000)
  object space 297984K, 96% used [0x00000000c0000000,0x00000000d1834108,0x00000000d2300000)
 Metaspace       used 52496K, committed 53248K, reserved 1097728K
  class space    used 5679K, committed 6016K, reserved 1048576K
GC Heap History (20 events):
Event: 73.605 GC heap after
{Heap after GC invocations=101 (full 8):
 PSYoungGen      total 24576K, used 5101K [0x00000000eab00000, 0x00000000ecf00000, 0x0000000100000000)
  eden space 19456K, 0% used [0x00000000eab00000,0x00000000eab00000,0x00000000ebe00000)
  from space 5120K, 99% used [0x00000000ebe00000,0x00000000ec2fb420,0x00000000ec300000)
  to   space 8704K, 0% used [0x00000000ec680000,0x00000000ec680000,0x00000000ecf00000)
 ParOldGen       total 247296K, used 222356K [0x00000000c0000000, 0x00000000cf180000, 0x00000000eab00000)
  object space 247296K, 89% used [0x00000000c0000000,0x00000000cd9251f0,0x00000000cf180000)
 Metaspace       used 52348K, committed 53120K, reserved 1097728K
  class space    used 5664K, committed 6016K, reserved 1048576K
}
Event: 73.708 GC heap before
{Heap before GC invocations=102 (full 8):
 PSYoungGen      total 24576K, used 24557K [0x00000000eab00000, 0x00000000ecf00000, 0x0000000100000000)
  eden space 19456K, 100% used [0x00000000eab00000,0x00000000ebe00000,0x00000000ebe00000)
  from space 5120K, 99% used [0x00000000ebe00000,0x00000000ec2fb420,0x00000000ec300000)
  to   space 8704K, 0% used [0x00000000ec680000,0x00000000ec680000,0x00000000ecf00000)
 ParOldGen       total 247296K, used 222356K [0x00000000c0000000, 0x00000000cf180000, 0x00000000eab00000)
  object space 247296K, 89% used [0x00000000c0000000,0x00000000cd9251f0,0x00000000cf180000)
 Metaspace       used 52348K, committed 53120K, reserved 1097728K
  class space    used 5664K, committed 6016K, reserved 1048576K
}
Event: 73.723 GC heap after
{Heap after GC invocations=102 (full 8):
 PSYoungGen      total 27136K, used 4560K [0x00000000eab00000, 0x00000000ecc00000, 0x0000000100000000)
  eden space 21504K, 0% used [0x00000000eab00000,0x00000000eab00000,0x00000000ec000000)
  from space 5632K, 80% used [0x00000000ec680000,0x00000000ecaf4100,0x00000000ecc00000)
  to   space 6144K, 0% used [0x00000000ec000000,0x00000000ec000000,0x00000000ec600000)
 ParOldGen       total 247296K, used 227399K [0x00000000c0000000, 0x00000000cf180000, 0x00000000eab00000)
  object space 247296K, 91% used [0x00000000c0000000,0x00000000cde11f00,0x00000000cf180000)
 Metaspace       used 52348K, committed 53120K, reserved 1097728K
  class space    used 5664K, committed 6016K, reserved 1048576K
}
Event: 74.864 GC heap before
{Heap before GC invocations=103 (full 8):
 PSYoungGen      total 27136K, used 26064K [0x00000000eab00000, 0x00000000ecc00000, 0x0000000100000000)
  eden space 21504K, 100% used [0x00000000eab00000,0x00000000ec000000,0x00000000ec000000)
  from space 5632K, 80% used [0x00000000ec680000,0x00000000ecaf4100,0x00000000ecc00000)
  to   space 6144K, 0% used [0x00000000ec000000,0x00000000ec000000,0x00000000ec600000)
 ParOldGen       total 247296K, used 227399K [0x00000000c0000000, 0x00000000cf180000, 0x00000000eab00000)
  object space 247296K, 91% used [0x00000000c0000000,0x00000000cde11f00,0x00000000cf180000)
 Metaspace       used 52348K, committed 53120K, reserved 1097728K
  class space    used 5664K, committed 6016K, reserved 1048576K
}
Event: 74.883 GC heap after
{Heap after GC invocations=103 (full 8):
 PSYoungGen      total 27648K, used 6136K [0x00000000eab00000, 0x00000000ed900000, 0x0000000100000000)
  eden space 21504K, 0% used [0x00000000eab00000,0x00000000eab00000,0x00000000ec000000)
  from space 6144K, 99% used [0x00000000ec000000,0x00000000ec5fe310,0x00000000ec600000)
  to   space 11776K, 0% used [0x00000000ecd80000,0x00000000ecd80000,0x00000000ed900000)
 ParOldGen       total 247296K, used 231582K [0x00000000c0000000, 0x00000000cf180000, 0x00000000eab00000)
  object space 247296K, 93% used [0x00000000c0000000,0x00000000ce227ac8,0x00000000cf180000)
 Metaspace       used 52348K, committed 53120K, reserved 1097728K
  class space    used 5664K, committed 6016K, reserved 1048576K
}
Event: 75.069 GC heap before
{Heap before GC invocations=104 (full 8):
 PSYoungGen      total 27648K, used 27640K [0x00000000eab00000, 0x00000000ed900000, 0x0000000100000000)
  eden space 21504K, 100% used [0x00000000eab00000,0x00000000ec000000,0x00000000ec000000)
  from space 6144K, 99% used [0x00000000ec000000,0x00000000ec5fe310,0x00000000ec600000)
  to   space 11776K, 0% used [0x00000000ecd80000,0x00000000ecd80000,0x00000000ed900000)
 ParOldGen       total 247296K, used 231582K [0x00000000c0000000, 0x00000000cf180000, 0x00000000eab00000)
  object space 247296K, 93% used [0x00000000c0000000,0x00000000ce227ac8,0x00000000cf180000)
 Metaspace       used 52348K, committed 53120K, reserved 1097728K
  class space    used 5664K, committed 6016K, reserved 1048576K
}
Event: 75.088 GC heap after
{Heap after GC invocations=104 (full 8):
 PSYoungGen      total 31232K, used 7173K [0x00000000eab00000, 0x00000000ed500000, 0x0000000100000000)
  eden space 23552K, 0% used [0x00000000eab00000,0x00000000eab00000,0x00000000ec200000)
  from space 7680K, 93% used [0x00000000ecd80000,0x00000000ed481550,0x00000000ed500000)
  to   space 8704K, 0% used [0x00000000ec400000,0x00000000ec400000,0x00000000ecc80000)
 ParOldGen       total 247296K, used 237665K [0x00000000c0000000, 0x00000000cf180000, 0x00000000eab00000)
  object space 247296K, 96% used [0x00000000c0000000,0x00000000ce8184d8,0x00000000cf180000)
 Metaspace       used 52348K, committed 53120K, reserved 1097728K
  class space    used 5664K, committed 6016K, reserved 1048576K
}
Event: 75.327 GC heap before
{Heap before GC invocations=105 (full 8):
 PSYoungGen      total 31232K, used 30695K [0x00000000eab00000, 0x00000000ed500000, 0x0000000100000000)
  eden space 23552K, 99% used [0x00000000eab00000,0x00000000ec1f87d8,0x00000000ec200000)
  from space 7680K, 93% used [0x00000000ecd80000,0x00000000ed481550,0x00000000ed500000)
  to   space 8704K, 0% used [0x00000000ec400000,0x00000000ec400000,0x00000000ecc80000)
 ParOldGen       total 247296K, used 237665K [0x00000000c0000000, 0x00000000cf180000, 0x00000000eab00000)
  object space 247296K, 96% used [0x00000000c0000000,0x00000000ce8184d8,0x00000000cf180000)
 Metaspace       used 52348K, committed 53120K, reserved 1097728K
  class space    used 5664K, committed 6016K, reserved 1048576K
}
Event: 75.343 GC heap after
{Heap after GC invocations=105 (full 8):
 PSYoungGen      total 34304K, used 8673K [0x00000000eab00000, 0x00000000ee600000, 0x0000000100000000)
  eden space 25600K, 0% used [0x00000000eab00000,0x00000000eab00000,0x00000000ec400000)
  from space 8704K, 99% used [0x00000000ec400000,0x00000000ecc787a0,0x00000000ecc80000)
  to   space 17408K, 0% used [0x00000000ed500000,0x00000000ed500000,0x00000000ee600000)
 ParOldGen       total 247296K, used 244725K [0x00000000c0000000, 0x00000000cf180000, 0x00000000eab00000)
  object space 247296K, 98% used [0x00000000c0000000,0x00000000ceefd778,0x00000000cf180000)
 Metaspace       used 52348K, committed 53120K, reserved 1097728K
  class space    used 5664K, committed 6016K, reserved 1048576K
}
Event: 75.343 GC heap before
{Heap before GC invocations=106 (full 9):
 PSYoungGen      total 34304K, used 8673K [0x00000000eab00000, 0x00000000ee600000, 0x0000000100000000)
  eden space 25600K, 0% used [0x00000000eab00000,0x00000000eab00000,0x00000000ec400000)
  from space 8704K, 99% used [0x00000000ec400000,0x00000000ecc787a0,0x00000000ecc80000)
  to   space 17408K, 0% used [0x00000000ed500000,0x00000000ed500000,0x00000000ee600000)
 ParOldGen       total 247296K, used 244725K [0x00000000c0000000, 0x00000000cf180000, 0x00000000eab00000)
  object space 247296K, 98% used [0x00000000c0000000,0x00000000ceefd778,0x00000000cf180000)
 Metaspace       used 52348K, committed 53120K, reserved 1097728K
  class space    used 5664K, committed 6016K, reserved 1048576K
}
Event: 75.919 GC heap after
{Heap after GC invocations=106 (full 9):
 PSYoungGen      total 34304K, used 4860K [0x00000000eab00000, 0x00000000ee800000, 0x0000000100000000)
  eden space 25600K, 0% used [0x00000000eab00000,0x00000000eab00000,0x00000000ec400000)
  from space 8704K, 55% used [0x00000000ec400000,0x00000000ec8bf168,0x00000000ecc80000)
  to   space 17408K, 0% used [0x00000000ed700000,0x00000000ed700000,0x00000000ee800000)
 ParOldGen       total 297984K, used 246916K [0x00000000c0000000, 0x00000000d2300000, 0x00000000eab00000)
  object space 297984K, 82% used [0x00000000c0000000,0x00000000cf121298,0x00000000d2300000)
 Metaspace       used 52348K, committed 53120K, reserved 1097728K
  class space    used 5664K, committed 6016K, reserved 1048576K
}
Event: 76.083 GC heap before
{Heap before GC invocations=107 (full 9):
 PSYoungGen      total 34304K, used 30460K [0x00000000eab00000, 0x00000000ee800000, 0x0000000100000000)
  eden space 25600K, 100% used [0x00000000eab00000,0x00000000ec400000,0x00000000ec400000)
  from space 8704K, 55% used [0x00000000ec400000,0x00000000ec8bf168,0x00000000ecc80000)
  to   space 17408K, 0% used [0x00000000ed700000,0x00000000ed700000,0x00000000ee800000)
 ParOldGen       total 297984K, used 246916K [0x00000000c0000000, 0x00000000d2300000, 0x00000000eab00000)
  object space 297984K, 82% used [0x00000000c0000000,0x00000000cf121298,0x00000000d2300000)
 Metaspace       used 52348K, committed 53120K, reserved 1097728K
  class space    used 5664K, committed 6016K, reserved 1048576K
}
Event: 76.131 GC heap after
{Heap after GC invocations=107 (full 9):
 PSYoungGen      total 38400K, used 10408K [0x00000000eab00000, 0x00000000ee180000, 0x0000000100000000)
  eden space 27648K, 0% used [0x00000000eab00000,0x00000000eab00000,0x00000000ec600000)
  from space 10752K, 96% used [0x00000000ed700000,0x00000000ee12a1b0,0x00000000ee180000)
  to   space 12800K, 0% used [0x00000000ec880000,0x00000000ec880000,0x00000000ed500000)
 ParOldGen       total 297984K, used 251845K [0x00000000c0000000, 0x00000000d2300000, 0x00000000eab00000)
  object space 297984K, 84% used [0x00000000c0000000,0x00000000cf5f17e8,0x00000000d2300000)
 Metaspace       used 52348K, committed 53120K, reserved 1097728K
  class space    used 5664K, committed 6016K, reserved 1048576K
}
Event: 77.559 GC heap before
{Heap before GC invocations=108 (full 9):
 PSYoungGen      total 38400K, used 38056K [0x00000000eab00000, 0x00000000ee180000, 0x0000000100000000)
  eden space 27648K, 100% used [0x00000000eab00000,0x00000000ec600000,0x00000000ec600000)
  from space 10752K, 96% used [0x00000000ed700000,0x00000000ee12a1b0,0x00000000ee180000)
  to   space 12800K, 0% used [0x00000000ec880000,0x00000000ec880000,0x00000000ed500000)
 ParOldGen       total 297984K, used 251845K [0x00000000c0000000, 0x00000000d2300000, 0x00000000eab00000)
  object space 297984K, 84% used [0x00000000c0000000,0x00000000cf5f17e8,0x00000000d2300000)
 Metaspace       used 52366K, committed 53120K, reserved 1097728K
  class space    used 5664K, committed 6016K, reserved 1048576K
}
Event: 77.592 GC heap after
{Heap after GC invocations=108 (full 9):
 PSYoungGen      total 41984K, used 12788K [0x00000000eab00000, 0x00000000efc80000, 0x0000000100000000)
  eden space 29184K, 0% used [0x00000000eab00000,0x00000000eab00000,0x00000000ec780000)
  from space 12800K, 99% used [0x00000000ec880000,0x00000000ed4fd3f0,0x00000000ed500000)
  to   space 27136K, 0% used [0x00000000ee200000,0x00000000ee200000,0x00000000efc80000)
 ParOldGen       total 297984K, used 263676K [0x00000000c0000000, 0x00000000d2300000, 0x00000000eab00000)
  object space 297984K, 88% used [0x00000000c0000000,0x00000000d017f278,0x00000000d2300000)
 Metaspace       used 52366K, committed 53120K, reserved 1097728K
  class space    used 5664K, committed 6016K, reserved 1048576K
}
Event: 78.163 GC heap before
{Heap before GC invocations=109 (full 9):
 PSYoungGen      total 41984K, used 41972K [0x00000000eab00000, 0x00000000efc80000, 0x0000000100000000)
  eden space 29184K, 100% used [0x00000000eab00000,0x00000000ec780000,0x00000000ec780000)
  from space 12800K, 99% used [0x00000000ec880000,0x00000000ed4fd3f0,0x00000000ed500000)
  to   space 27136K, 0% used [0x00000000ee200000,0x00000000ee200000,0x00000000efc80000)
 ParOldGen       total 297984K, used 263676K [0x00000000c0000000, 0x00000000d2300000, 0x00000000eab00000)
  object space 297984K, 88% used [0x00000000c0000000,0x00000000d017f278,0x00000000d2300000)
 Metaspace       used 52366K, committed 53120K, reserved 1097728K
  class space    used 5664K, committed 6016K, reserved 1048576K
}
Event: 78.228 GC heap after
{Heap after GC invocations=109 (full 9):
 PSYoungGen      total 55808K, used 26307K [0x00000000eab00000, 0x00000000eff80000, 0x0000000100000000)
  eden space 28672K, 0% used [0x00000000eab00000,0x00000000eab00000,0x00000000ec700000)
  from space 27136K, 96% used [0x00000000ee200000,0x00000000efbb0d60,0x00000000efc80000)
  to   space 27648K, 0% used [0x00000000ec700000,0x00000000ec700000,0x00000000ee200000)
 ParOldGen       total 297984K, used 276402K [0x00000000c0000000, 0x00000000d2300000, 0x00000000eab00000)
  object space 297984K, 92% used [0x00000000c0000000,0x00000000d0dec888,0x00000000d2300000)
 Metaspace       used 52366K, committed 53120K, reserved 1097728K
  class space    used 5664K, committed 6016K, reserved 1048576K
}
Event: 81.115 GC heap before
{Heap before GC invocations=110 (full 9):
 PSYoungGen      total 55808K, used 54979K [0x00000000eab00000, 0x00000000eff80000, 0x0000000100000000)
  eden space 28672K, 100% used [0x00000000eab00000,0x00000000ec700000,0x00000000ec700000)
  from space 27136K, 96% used [0x00000000ee200000,0x00000000efbb0d60,0x00000000efc80000)
  to   space 27648K, 0% used [0x00000000ec700000,0x00000000ec700000,0x00000000ee200000)
 ParOldGen       total 297984K, used 276402K [0x00000000c0000000, 0x00000000d2300000, 0x00000000eab00000)
  object space 297984K, 92% used [0x00000000c0000000,0x00000000d0dec888,0x00000000d2300000)
 Metaspace       used 52496K, committed 53248K, reserved 1097728K
  class space    used 5679K, committed 6016K, reserved 1048576K
}
Event: 81.182 GC heap after
{Heap after GC invocations=110 (full 9):
 PSYoungGen      total 56320K, used 27628K [0x00000000eab00000, 0x00000000f1800000, 0x0000000100000000)
  eden space 28672K, 0% used [0x00000000eab00000,0x00000000eab00000,0x00000000ec700000)
  from space 27648K, 99% used [0x00000000ec700000,0x00000000ee1fb160,0x00000000ee200000)
  to   space 40448K, 0% used [0x00000000ef080000,0x00000000ef080000,0x00000000f1800000)
 ParOldGen       total 297984K, used 286928K [0x00000000c0000000, 0x00000000d2300000, 0x00000000eab00000)
  object space 297984K, 96% used [0x00000000c0000000,0x00000000d1834108,0x00000000d2300000)
 Metaspace       used 52496K, committed 53248K, reserved 1097728K
  class space    used 5679K, committed 6016K, reserved 1048576K
}
Event: 81.182 GC heap before
{Heap before GC invocations=111 (full 10):
 PSYoungGen      total 56320K, used 27628K [0x00000000eab00000, 0x00000000f1800000, 0x0000000100000000)
  eden space 28672K, 0% used [0x00000000eab00000,0x00000000eab00000,0x00000000ec700000)
  from space 27648K, 99% used [0x00000000ec700000,0x00000000ee1fb160,0x00000000ee200000)
  to   space 40448K, 0% used [0x00000000ef080000,0x00000000ef080000,0x00000000f1800000)
 ParOldGen       total 297984K, used 286928K [0x00000000c0000000, 0x00000000d2300000, 0x00000000eab00000)
  object space 297984K, 96% used [0x00000000c0000000,0x00000000d1834108,0x00000000d2300000)
 Metaspace       used 52496K, committed 53248K, reserved 1097728K
  class space    used 5679K, committed 6016K, reserved 1048576K
}

